<?xml version="1.0" encoding="UTF-8"?>
<testsuite name="com.baboci.exchangerate.ExchangeRateIntegrationTests" tests="5" skipped="0" failures="0" errors="0" timestamp="2022-02-03T13:19:39" hostname="MUCN0807" time="0.95">
  <properties/>
  <testcase name="whenRequestingListOfSupportedCurr_ReturnAllCurrenciesWithRequestedCount()" classname="com.baboci.exchangerate.ExchangeRateIntegrationTests" time="0.78"/>
  <testcase name="whenRequestingReferenceRate_ReturnRate()" classname="com.baboci.exchangerate.ExchangeRateIntegrationTests" time="0.047"/>
  <testcase name="whenRequestingForChart_ReturnPublicLinkToChart()" classname="com.baboci.exchangerate.ExchangeRateIntegrationTests" time="0.024"/>
  <testcase name="whenRequestingReferenceRate_ReturnCurrencyNotFoundError()" classname="com.baboci.exchangerate.ExchangeRateIntegrationTests" time="0.047"/>
  <testcase name="whenRequestingConvert_ReturnConvertedAmount()" classname="com.baboci.exchangerate.ExchangeRateIntegrationTests" time="0.049"/>
  <system-out><![CDATA[14:19:36.330 [Test worker] DEBUG org.springframework.test.context.BootstrapUtils - Instantiating CacheAwareContextLoaderDelegate from class [org.springframework.test.context.cache.DefaultCacheAwareContextLoaderDelegate]
14:19:36.340 [Test worker] DEBUG org.springframework.test.context.BootstrapUtils - Instantiating BootstrapContext using constructor [public org.springframework.test.context.support.DefaultBootstrapContext(java.lang.Class,org.springframework.test.context.CacheAwareContextLoaderDelegate)]
14:19:36.369 [Test worker] DEBUG org.springframework.test.context.BootstrapUtils - Instantiating TestContextBootstrapper for test class [com.baboci.exchangerate.ExchangeRateIntegrationTests] from class [org.springframework.boot.test.context.SpringBootTestContextBootstrapper]
14:19:36.381 [Test worker] INFO org.springframework.boot.test.context.SpringBootTestContextBootstrapper - Neither @ContextConfiguration nor @ContextHierarchy found for test class [com.baboci.exchangerate.ExchangeRateIntegrationTests], using SpringBootContextLoader
14:19:36.383 [Test worker] DEBUG org.springframework.test.context.support.AbstractContextLoader - Did not detect default resource location for test class [com.baboci.exchangerate.ExchangeRateIntegrationTests]: class path resource [com/baboci/exchangerate/ExchangeRateIntegrationTests-context.xml] does not exist
14:19:36.384 [Test worker] DEBUG org.springframework.test.context.support.AbstractContextLoader - Did not detect default resource location for test class [com.baboci.exchangerate.ExchangeRateIntegrationTests]: class path resource [com/baboci/exchangerate/ExchangeRateIntegrationTestsContext.groovy] does not exist
14:19:36.384 [Test worker] INFO org.springframework.test.context.support.AbstractContextLoader - Could not detect default resource locations for test class [com.baboci.exchangerate.ExchangeRateIntegrationTests]: no resource found for suffixes {-context.xml, Context.groovy}.
14:19:36.384 [Test worker] INFO org.springframework.test.context.support.AnnotationConfigContextLoaderUtils - Could not detect default configuration classes for test class [com.baboci.exchangerate.ExchangeRateIntegrationTests]: ExchangeRateIntegrationTests does not declare any static, non-private, non-final, nested classes annotated with @Configuration.
14:19:36.423 [Test worker] DEBUG org.springframework.test.context.support.ActiveProfilesUtils - Could not find an 'annotation declaring class' for annotation type [org.springframework.test.context.ActiveProfiles] and class [com.baboci.exchangerate.ExchangeRateIntegrationTests]
14:19:36.471 [Test worker] DEBUG org.springframework.context.annotation.ClassPathScanningCandidateComponentProvider - Identified candidate component class: file [/Users/tbaboci/Documents/MyDocs/Personal Documents/Tasks/exchange-rate/build/classes/kotlin/main/com/baboci/exchangerate/ExchangeRateApplication.class]
14:19:36.472 [Test worker] INFO org.springframework.boot.test.context.SpringBootTestContextBootstrapper - Found @SpringBootConfiguration com.baboci.exchangerate.ExchangeRateApplication for test class com.baboci.exchangerate.ExchangeRateIntegrationTests
14:19:36.531 [Test worker] DEBUG org.springframework.boot.test.context.SpringBootTestContextBootstrapper - @TestExecutionListeners is not present for class [com.baboci.exchangerate.ExchangeRateIntegrationTests]: using defaults.
14:19:36.531 [Test worker] INFO org.springframework.boot.test.context.SpringBootTestContextBootstrapper - Loaded default TestExecutionListener class names from location [META-INF/spring.factories]: [org.springframework.boot.test.autoconfigure.restdocs.RestDocsTestExecutionListener, org.springframework.boot.test.autoconfigure.web.client.MockRestServiceServerResetTestExecutionListener, org.springframework.boot.test.autoconfigure.web.servlet.MockMvcPrintOnlyOnFailureTestExecutionListener, org.springframework.boot.test.autoconfigure.web.servlet.WebDriverTestExecutionListener, org.springframework.boot.test.autoconfigure.webservices.client.MockWebServiceServerTestExecutionListener, org.springframework.boot.test.mock.mockito.MockitoTestExecutionListener, org.springframework.boot.test.mock.mockito.ResetMocksTestExecutionListener, org.springframework.test.context.web.ServletTestExecutionListener, org.springframework.test.context.support.DirtiesContextBeforeModesTestExecutionListener, org.springframework.test.context.event.ApplicationEventsTestExecutionListener, org.springframework.test.context.support.DependencyInjectionTestExecutionListener, org.springframework.test.context.support.DirtiesContextTestExecutionListener, org.springframework.test.context.transaction.TransactionalTestExecutionListener, org.springframework.test.context.jdbc.SqlScriptsTestExecutionListener, org.springframework.test.context.event.EventPublishingTestExecutionListener]
14:19:36.542 [Test worker] DEBUG org.springframework.boot.test.context.SpringBootTestContextBootstrapper - Skipping candidate TestExecutionListener [org.springframework.test.context.transaction.TransactionalTestExecutionListener] due to a missing dependency. Specify custom listener classes or make the default listener classes and their required dependencies available. Offending class: [org/springframework/transaction/interceptor/TransactionAttributeSource]
14:19:36.542 [Test worker] DEBUG org.springframework.boot.test.context.SpringBootTestContextBootstrapper - Skipping candidate TestExecutionListener [org.springframework.test.context.jdbc.SqlScriptsTestExecutionListener] due to a missing dependency. Specify custom listener classes or make the default listener classes and their required dependencies available. Offending class: [org/springframework/transaction/interceptor/TransactionAttribute]
14:19:36.543 [Test worker] INFO org.springframework.boot.test.context.SpringBootTestContextBootstrapper - Using TestExecutionListeners: [org.springframework.test.context.web.ServletTestExecutionListener@553f1d75, org.springframework.test.context.support.DirtiesContextBeforeModesTestExecutionListener@6e1d8f9e, org.springframework.test.context.event.ApplicationEventsTestExecutionListener@3e34ace1, org.springframework.boot.test.mock.mockito.MockitoTestExecutionListener@62fe6067, org.springframework.boot.test.autoconfigure.SpringBootDependencyInjectionTestExecutionListener@4f071df8, org.springframework.test.context.support.DirtiesContextTestExecutionListener@4de41af9, org.springframework.test.context.event.EventPublishingTestExecutionListener@56ace400, org.springframework.boot.test.autoconfigure.restdocs.RestDocsTestExecutionListener@47404bea, org.springframework.boot.test.autoconfigure.web.client.MockRestServiceServerResetTestExecutionListener@305f7627, org.springframework.boot.test.autoconfigure.web.servlet.MockMvcPrintOnlyOnFailureTestExecutionListener@5d018107, org.springframework.boot.test.autoconfigure.web.servlet.WebDriverTestExecutionListener@6cbcf243, org.springframework.boot.test.autoconfigure.webservices.client.MockWebServiceServerTestExecutionListener@29e6eb25, org.springframework.boot.test.mock.mockito.ResetMocksTestExecutionListener@62435e70]
14:19:36.545 [Test worker] DEBUG org.springframework.test.context.support.AbstractDirtiesContextTestExecutionListener - Before test class: context [DefaultTestContext@3f446bef testClass = ExchangeRateIntegrationTests, testInstance = [null], testMethod = [null], testException = [null], mergedContextConfiguration = [WebMergedContextConfiguration@7829b776 testClass = ExchangeRateIntegrationTests, locations = '{}', classes = '{class com.baboci.exchangerate.ExchangeRateApplication}', contextInitializerClasses = '[]', activeProfiles = '{}', propertySourceLocations = '{}', propertySourceProperties = '{org.springframework.boot.test.context.SpringBootTestContextBootstrapper=true, server.port=0}', contextCustomizers = set[org.springframework.boot.test.autoconfigure.actuate.metrics.MetricsExportContextCustomizerFactory$DisableMetricExportContextCustomizer@4b23c30a, org.springframework.boot.test.autoconfigure.properties.PropertyMappingContextCustomizer@0, org.springframework.boot.test.autoconfigure.web.servlet.WebDriverContextCustomizerFactory$Customizer@c94fd30, org.springframework.boot.test.context.filter.ExcludeFilterContextCustomizer@76a2ddf3, org.springframework.boot.test.json.DuplicateJsonObjectContextCustomizerFactory$DuplicateJsonObjectContextCustomizer@49ff7d8c, org.springframework.boot.test.mock.mockito.MockitoContextCustomizer@0, org.springframework.boot.test.web.client.TestRestTemplateContextCustomizer@38aa816f, org.springframework.boot.test.context.SpringBootTestArgs@1, org.springframework.boot.test.context.SpringBootTestWebEnvironment@37f1104d], resourceBasePath = 'src/main/webapp', contextLoader = 'org.springframework.boot.test.context.SpringBootContextLoader', parent = [null]], attributes = map['org.springframework.test.context.web.ServletTestExecutionListener.activateListener' -> false]], class annotated with @DirtiesContext [false] with mode [null].
14:19:36.556 [Test worker] DEBUG org.springframework.test.context.support.DependencyInjectionTestExecutionListener - Performing dependency injection for test context [[DefaultTestContext@3f446bef testClass = ExchangeRateIntegrationTests, testInstance = com.baboci.exchangerate.ExchangeRateIntegrationTests@38f57b3d, testMethod = [null], testException = [null], mergedContextConfiguration = [WebMergedContextConfiguration@7829b776 testClass = ExchangeRateIntegrationTests, locations = '{}', classes = '{class com.baboci.exchangerate.ExchangeRateApplication}', contextInitializerClasses = '[]', activeProfiles = '{}', propertySourceLocations = '{}', propertySourceProperties = '{org.springframework.boot.test.context.SpringBootTestContextBootstrapper=true, server.port=0}', contextCustomizers = set[org.springframework.boot.test.autoconfigure.actuate.metrics.MetricsExportContextCustomizerFactory$DisableMetricExportContextCustomizer@4b23c30a, org.springframework.boot.test.autoconfigure.properties.PropertyMappingContextCustomizer@0, org.springframework.boot.test.autoconfigure.web.servlet.WebDriverContextCustomizerFactory$Customizer@c94fd30, org.springframework.boot.test.context.filter.ExcludeFilterContextCustomizer@76a2ddf3, org.springframework.boot.test.json.DuplicateJsonObjectContextCustomizerFactory$DuplicateJsonObjectContextCustomizer@49ff7d8c, org.springframework.boot.test.mock.mockito.MockitoContextCustomizer@0, org.springframework.boot.test.web.client.TestRestTemplateContextCustomizer@38aa816f, org.springframework.boot.test.context.SpringBootTestArgs@1, org.springframework.boot.test.context.SpringBootTestWebEnvironment@37f1104d], resourceBasePath = 'src/main/webapp', contextLoader = 'org.springframework.boot.test.context.SpringBootContextLoader', parent = [null]], attributes = map['org.springframework.test.context.web.ServletTestExecutionListener.activateListener' -> false, 'org.springframework.test.context.event.ApplicationEventsTestExecutionListener.recordApplicationEvents' -> false]]].

  .   ____          _            __ _ _
 /\\ / ___'_ __ _ _(_)_ __  __ _ \ \ \ \
( ( )\___ | '_ | '_| | '_ \/ _` | \ \ \ \
 \\/  ___)| |_)| | | | | || (_| |  ) ) ) )
  '  |____| .__|_| |_|_| |_\__, | / / / /
 =========|_|==============|___/=/_/_/_/
 :: Spring Boot ::                (v2.6.3)

2022-02-03 14:19:36.767  INFO 7925 --- [    Test worker] c.b.e.ExchangeRateIntegrationTests       : Starting ExchangeRateIntegrationTests using Java 17.0.1 on MUCN0807 with PID 7925 (started by tbaboci in /Users/tbaboci/Documents/MyDocs/Personal Documents/Tasks/exchange-rate)
2022-02-03 14:19:36.768  INFO 7925 --- [    Test worker] c.b.e.ExchangeRateIntegrationTests       : No active profile set, falling back to default profiles: default
2022-02-03 14:19:37.528  INFO 7925 --- [    Test worker] trationDelegate$BeanPostProcessorChecker : Bean 'org.springframework.ws.config.annotation.DelegatingWsConfiguration' of type [org.springframework.ws.config.annotation.DelegatingWsConfiguration$$EnhancerBySpringCGLIB$$fe4256b1] is not eligible for getting processed by all BeanPostProcessors (for example: not eligible for auto-proxying)
2022-02-03 14:19:37.590  INFO 7925 --- [    Test worker] .w.s.a.s.AnnotationActionEndpointMapping : Supporting [WS-Addressing August 2004, WS-Addressing 1.0]
2022-02-03 14:19:37.811  INFO 7925 --- [    Test worker] o.s.b.w.embedded.tomcat.TomcatWebServer  : Tomcat initialized with port(s): 0 (http)
2022-02-03 14:19:37.823  INFO 7925 --- [    Test worker] o.apache.catalina.core.StandardService   : Starting service [Tomcat]
2022-02-03 14:19:37.824  INFO 7925 --- [    Test worker] org.apache.catalina.core.StandardEngine  : Starting Servlet engine: [Apache Tomcat/9.0.56]
2022-02-03 14:19:37.935  INFO 7925 --- [    Test worker] o.a.c.c.C.[Tomcat].[localhost].[/]       : Initializing Spring embedded WebApplicationContext
2022-02-03 14:19:37.935  INFO 7925 --- [    Test worker] w.s.c.ServletWebServerApplicationContext : Root WebApplicationContext: initialization completed in 1152 ms
2022-02-03 14:19:39.227  INFO 7925 --- [    Test worker] o.s.b.w.embedded.tomcat.TomcatWebServer  : Tomcat started on port(s): 51822 (http) with context path ''
2022-02-03 14:19:39.234  INFO 7925 --- [    Test worker] c.b.e.ExchangeRateIntegrationTests       : Started ExchangeRateIntegrationTests in 2.659 seconds (JVM running for 3.505)
2022-02-03 14:19:39.642  INFO 7925 --- [o-auto-1-exec-1] o.a.c.c.C.[Tomcat].[localhost].[/]       : Initializing Spring DispatcherServlet 'dispatcherServlet'
2022-02-03 14:19:39.643  INFO 7925 --- [o-auto-1-exec-1] o.s.web.servlet.DispatcherServlet        : Initializing Servlet 'dispatcherServlet'
2022-02-03 14:19:39.643  INFO 7925 --- [o-auto-1-exec-1] o.s.web.servlet.DispatcherServlet        : Completed initialization in 0 ms
2022-02-03 14:19:40.126 ERROR 7925 --- [o-auto-1-exec-4] c.b.e.e.ExchangeRateExceptionHandler     : base currency you are searching is not found.
]]></system-out>
  <system-err><![CDATA[]]></system-err>
</testsuite>
